0 silly argv {
0 silly argv   _: [ 'run' ],
0 silly argv   stream: true,
0 silly argv   lernaVersion: '4.0.0',
0 silly argv   '$0': 'node_modules/.bin/lerna',
0 silly argv   script: 'build'
0 silly argv }
1 notice cli v4.0.0
2 verbose rootPath /home/ivan/learning/lerna-test
3 info versioning independent
4 error JSONError: Unexpected token "/" (0x2F) in JSON at position 2042 while parsing near "...-maps --watch\",\n    // \"build\": \"yarn ty..." in packages/faker/package.json
4 error
4 error [0m [90m 27 |[39m     [32m"browser:build"[39m[33m:[39m [32m"yarn type:build && yarn browser:build:cjs && yarn browser:build:unpkg"[39m[33m,[39m[0m
4 error [0m [90m 28 |[39m     [32m"browser:watch"[39m[33m:[39m [32m"del dist/cjs && cross-env BABEL_ENV=browserWatch NODE_ENV=development babel src --out-dir dist/cjs --extensions .ts,.tsx,.js,.jsx --source-maps --watch"[39m[33m,[39m[0m
4 error [0m[31m[1m>[22m[39m[90m 29 |[39m     [90m// "build": "yarn type:check && yarn test && node ../../scripts/build.js",[39m[0m
4 error [0m [90m    |[39m     [31m[1m^[22m[39m[0m
4 error [0m [90m 30 |[39m     [32m"build"[39m[33m:[39m [32m"node ../../scripts/build.js --target=browser"[39m[33m,[39m[0m
4 error [0m [90m 31 |[39m     [32m"prepublishOnly"[39m[33m:[39m [32m"yarn build"[39m[0m
4 error [0m [90m 32 |[39m   }[0m
4 error
4 error     at parseJson (/home/ivan/learning/lerna-test/node_modules/parse-json/index.js:29:21)
4 error     at parse (/home/ivan/learning/lerna-test/node_modules/load-json-file/index.js:15:9)
4 error     at module.exports (/home/ivan/learning/lerna-test/node_modules/load-json-file/index.js:18:47)
